0 info it worked if it ends with ok
1 verbose cli [ '/usr/local/bin/node',
1 verbose cli   '/usr/local/bin/npm',
1 verbose cli   'install',
1 verbose cli   '--save',
1 verbose cli   'hubot-javascript-sandbox' ]
2 info using npm@1.4.28
3 info using node@v0.10.33
4 verbose readDependencies using package.json deps
5 verbose cache add [ 'hubot-javascript-sandbox', null ]
6 verbose cache add name=undefined spec="hubot-javascript-sandbox" args=["hubot-javascript-sandbox",null]
7 verbose parsed url { protocol: null,
7 verbose parsed url   slashes: null,
7 verbose parsed url   auth: null,
7 verbose parsed url   host: null,
7 verbose parsed url   port: null,
7 verbose parsed url   hostname: null,
7 verbose parsed url   hash: null,
7 verbose parsed url   search: null,
7 verbose parsed url   query: null,
7 verbose parsed url   pathname: 'hubot-javascript-sandbox',
7 verbose parsed url   path: 'hubot-javascript-sandbox',
7 verbose parsed url   href: 'hubot-javascript-sandbox' }
8 silly lockFile 6b1e4d74-hubot-javascript-sandbox hubot-javascript-sandbox
9 verbose lock hubot-javascript-sandbox /Users/chenshaw/.npm/6b1e4d74-hubot-javascript-sandbox.lock
10 silly lockFile 6b1e4d74-hubot-javascript-sandbox hubot-javascript-sandbox
11 silly lockFile 6b1e4d74-hubot-javascript-sandbox hubot-javascript-sandbox
12 verbose addNamed [ 'hubot-javascript-sandbox', '' ]
13 verbose addNamed [ null, '*' ]
14 silly lockFile ebf22192-hubot-javascript-sandbox hubot-javascript-sandbox@
15 verbose lock hubot-javascript-sandbox@ /Users/chenshaw/.npm/ebf22192-hubot-javascript-sandbox.lock
16 silly addNameRange { name: 'hubot-javascript-sandbox', range: '*', hasData: false }
17 verbose request where is /hubot-javascript-sandbox
18 verbose request registry https://registry.npmjs.org/
19 verbose request id 520cc45a4ea520a8
20 verbose url raw /hubot-javascript-sandbox
21 verbose url resolving [ 'https://registry.npmjs.org/', './hubot-javascript-sandbox' ]
22 verbose url resolved https://registry.npmjs.org/hubot-javascript-sandbox
23 verbose request where is https://registry.npmjs.org/hubot-javascript-sandbox
24 info trying registry request attempt 1 at 09:13:24
25 http GET https://registry.npmjs.org/hubot-javascript-sandbox
26 http 404 https://registry.npmjs.org/hubot-javascript-sandbox
27 verbose headers { date: 'Tue, 23 Dec 2014 14:13:25 GMT',
27 verbose headers   server: 'CouchDB/1.5.0 (Erlang OTP/R16B03)',
27 verbose headers   'content-type': 'application/json',
27 verbose headers   'cache-control': 'max-age=0',
27 verbose headers   'content-length': '52',
27 verbose headers   'accept-ranges': 'bytes',
27 verbose headers   via: '1.1 varnish',
27 verbose headers   age: '0',
27 verbose headers   'x-served-by': 'cache-dfw1824-DFW',
27 verbose headers   'x-cache': 'MISS',
27 verbose headers   'x-cache-hits': '0',
27 verbose headers   'x-timer': 'S1419344005.199178,VS0,VE260',
27 verbose headers   'keep-alive': 'timeout=10, max=50',
27 verbose headers   connection: 'Keep-Alive' }
28 silly registry.get cb [ 404,
28 silly registry.get   { date: 'Tue, 23 Dec 2014 14:13:25 GMT',
28 silly registry.get     server: 'CouchDB/1.5.0 (Erlang OTP/R16B03)',
28 silly registry.get     'content-type': 'application/json',
28 silly registry.get     'cache-control': 'max-age=0',
28 silly registry.get     'content-length': '52',
28 silly registry.get     'accept-ranges': 'bytes',
28 silly registry.get     via: '1.1 varnish',
28 silly registry.get     age: '0',
28 silly registry.get     'x-served-by': 'cache-dfw1824-DFW',
28 silly registry.get     'x-cache': 'MISS',
28 silly registry.get     'x-cache-hits': '0',
28 silly registry.get     'x-timer': 'S1419344005.199178,VS0,VE260',
28 silly registry.get     'keep-alive': 'timeout=10, max=50',
28 silly registry.get     connection: 'Keep-Alive' } ]
29 silly lockFile ebf22192-hubot-javascript-sandbox hubot-javascript-sandbox@
30 silly lockFile ebf22192-hubot-javascript-sandbox hubot-javascript-sandbox@
31 error 404 404 Not Found: hubot-javascript-sandbox
31 error 404
31 error 404 'hubot-javascript-sandbox' is not in the npm registry.
31 error 404 You should bug the author to publish it
31 error 404 It was specified as a dependency of 'Jeeves'
31 error 404
31 error 404 Note that you can also install from a
31 error 404 tarball, folder, or http url, or git url.
32 error System Darwin 13.4.0
33 error command "/usr/local/bin/node" "/usr/local/bin/npm" "install" "--save" "hubot-javascript-sandbox"
34 error cwd /Users/chenshaw/Source/jeeves
35 error node -v v0.10.33
36 error npm -v 1.4.28
37 error code E404
38 verbose exit [ 1, true ]
